<?xml version="1.0" encoding="UTF-8"?>
<testng-results ignored="0" total="1" passed="1" failed="0" skipped="0">
  <reporter-output>
  </reporter-output>
  <suite started-at="2020-03-30T17:29:15Z" name="Data Driven Basics" finished-at="2020-03-30T17:29:18Z" duration-ms="3313">
    <groups>
    </groups>
    <test started-at="2020-03-30T17:29:15Z" name="LoginTest" finished-at="2020-03-30T17:29:18Z" duration-ms="3313">
      <class name="com.w2a.testcases.LoginTest">
        <test-method is-config="true" signature="setUp()[pri:0, instance:com.w2a.testcases.LoginTest@1da2cb77]" started-at="2020-03-30T17:29:01Z" name="setUp" finished-at="2020-03-30T17:29:15Z" duration-ms="13609" status="PASS">
          <reporter-output>
          </reporter-output>
        </test-method> <!-- setUp -->
        <test-method signature="loginAsBankManager()[pri:0, instance:com.w2a.testcases.LoginTest@1da2cb77]" started-at="2020-03-30T17:29:15Z" name="loginAsBankManager" finished-at="2020-03-30T17:29:18Z" duration-ms="3274" status="PASS">
          <reporter-output>
          </reporter-output>
        </test-method> <!-- loginAsBankManager -->
        <test-method is-config="true" signature="tearDown()[pri:0, instance:com.w2a.testcases.LoginTest@1da2cb77]" started-at="2020-03-30T17:29:18Z" name="tearDown" finished-at="2020-03-30T17:29:19Z" duration-ms="762" status="PASS">
          <reporter-output>
          </reporter-output>
        </test-method> <!-- tearDown -->
      </class> <!-- com.w2a.testcases.LoginTest -->
    </test> <!-- LoginTest -->
  </suite> <!-- Data Driven Basics -->
</testng-results>
